<?xml version="1.0" encoding="UTF-8"?>
<!-- Generated by org.testng.reporters.JUnitReportReporter -->
<testsuite skipped="0" hostname="BDC6-DX-8738N62" name="com.test.CallExcel" tests="2" failures="0" timestamp="22 Jan 2019 09:03:59 GMT" time="0.012" errors="0">
  <testcase name="testingofExcel" time="0.002" classname="com.test.CallExcel"/>
  <testcase name="testingofExcel" time="0.010" classname="com.test.CallExcel"/>
</testsuite> <!-- com.test.CallExcel -->
