<?xml version="1.0" encoding="UTF-8"?>
<!-- Generated by org.testng.reporters.JUnitReportReporter -->
<testsuite skipped="0" hostname="BDC6-DX-8738N62" name="com.test.Ajaxtest" tests="1" failures="0" timestamp="21 Jan 2019 10:04:18 GMT" time="26.583" errors="0">
  <testcase name="dragndrop" time="26.583" classname="com.test.Ajaxtest"/>
</testsuite> <!-- com.test.Ajaxtest -->
