<?xml version="1.0" encoding="UTF-8"?>
<!-- Generated by org.testng.reporters.JUnitReportReporter -->
<testsuite skipped="0" hostname="BDC6-DX-8738N62" name="com.test.ListenerTest" tests="3" failures="0" timestamp="23 Jan 2019 04:38:03 GMT" time="0.025" errors="0">
  <testcase name="first" time="0.019" classname="com.test.ListenerTest"/>
  <testcase name="third" time="0.003" classname="com.test.ListenerTest"/>
  <testcase name="second" time="0.003" classname="com.test.ListenerTest"/>
</testsuite> <!-- com.test.ListenerTest -->
