<?xml version="1.0" encoding="UTF-8"?>
<!-- Generated by org.testng.reporters.JUnitReportReporter -->
<testsuite skipped="0" hostname="BDC6-DX-8738N62" name="com.test.TestingHdfc" tests="1" failures="0" timestamp="23 Jan 2019 04:38:03 GMT" time="40.010" errors="0">
  <testcase name="hdfclink" time="40.010" classname="com.test.TestingHdfc"/>
</testsuite> <!-- com.test.TestingHdfc -->
