<?xml version="1.0" encoding="UTF-8"?>
<!-- Generated by org.testng.reporters.JUnitReportReporter -->
<testsuite skipped="0" hostname="BDC6-DX-8738N62" name="com.test.Cleartrip" tests="1" failures="0" timestamp="21 Jan 2019 11:09:27 GMT" time="26.661" errors="0">
  <testcase name="cleartt" time="26.661" classname="com.test.Cleartrip"/>
</testsuite> <!-- com.test.Cleartrip -->
